
Showing logs for build [32mcb-kubecd-environment-pr-164-90-t6tdj-1[0m stage [32mfrom-build-pack[0m and container [32mstep-credential-initializer-xft7p[0m
{"level":"warn","ts":1582328535.7556906,"logger":"fallback-logger","caller":"logging/config.go:69","msg":"Fetch GitHub commit ID from kodata failed: \"ref: refs/heads/0.8.0-**-support-backwards-incompats\" is not a valid GitHub commit ID"}
{"level":"info","ts":1582328535.757258,"logger":"fallback-logger","caller":"creds-init/main.go:40","msg":"Credentials initialized."}

Showing logs for build [32mcb-kubecd-environment-pr-164-90-t6tdj-1[0m stage [32mfrom-build-pack[0m and container [32mstep-working-dir-initializer-rg89f[0m
{"level":"warn","ts":1582328536.2605622,"logger":"fallback-logger","caller":"logging/config.go:69","msg":"Fetch GitHub commit ID from kodata failed: open /var/run/ko/HEAD: no such file or directory"}
{"level":"info","ts":1582328536.262307,"logger":"fallback-logger","caller":"bash/main.go:64","msg":"Successfully executed command \"sh -c mkdir -p /workspace/source\"; output "}

Showing logs for build [32mcb-kubecd-environment-pr-164-90-t6tdj-1[0m stage [32mfrom-build-pack[0m and container [32mstep-place-tools[0m

Showing logs for build [32mcb-kubecd-environment-pr-164-90-t6tdj-1[0m stage [32mfrom-build-pack[0m and container [32mstep-git-source-cb-kubecd-environment-pr-164-90-t6tdj-x62tj[0m
{"level":"warn","ts":1582328541.4567063,"logger":"fallback-logger","caller":"logging/config.go:69","msg":"Fetch GitHub commit ID from kodata failed: \"ref: refs/heads/0.8.0-**-support-backwards-incompats\" is not a valid GitHub commit ID"}
{"level":"info","ts":1582328542.524505,"logger":"fallback-logger","caller":"git/git.go:103","msg":"Successfully cloned https://github.com/cb-kubecd/environment-pr-164-90-boot-gke-staging.git @ master in path /workspace/source"}

Showing logs for build [32mcb-kubecd-environment-pr-164-90-t6tdj-1[0m stage [32mfrom-build-pack[0m and container [32mstep-git-merge[0m
Using SHAs from PULL_REFS=master:0a919eee1f099f2a8d0505825f1b4dbb4a72d8e2,8:88c4c63b9cab7fd1b169ab0443bfea4931cf84cd
DEBUG: LC_ALL=C JX_LOG_LEVEL=error git fetch origin --unshallow 88c4c63b9cab7fd1b169ab0443bfea4931cf84cd: 0a919eee1f099f2a8d0505825f1b4dbb4a72d8e2:
DEBUG: ran git fetch --unshallow origin 88c4c63b9cab7fd1b169ab0443bfea4931cf84cd: 0a919eee1f099f2a8d0505825f1b4dbb4a72d8e2: in 
DEBUG: LC_ALL=C JX_LOG_LEVEL=error git branch
DEBUG: LC_ALL=C JX_LOG_LEVEL=error git checkout master
DEBUG: ran git checkout master in 
DEBUG: JX_LOG_LEVEL=error LC_ALL=C git reset --hard 0a919eee1f099f2a8d0505825f1b4dbb4a72d8e2
DEBUG: ran git reset --hard 0a919eee1f099f2a8d0505825f1b4dbb4a72d8e2 in 
DEBUG: LC_ALL=C JX_LOG_LEVEL=error git clean -fd .
DEBUG: ran clean --force -d . in 
DEBUG: LC_ALL=C JX_LOG_LEVEL=error git merge 88c4c63b9cab7fd1b169ab0443bfea4931cf84cd
DEBUG: ran git merge 88c4c63b9cab7fd1b169ab0443bfea4931cf84cd in 
DEBUG: LC_ALL=C JX_LOG_LEVEL=error git log --format=%H%x1f%an%x1f%ae%x1f%cn%x1f%ce%x1f%s%n%b%x1e 0a919eee1f099f2a8d0505825f1b4dbb4a72d8e2..HEAD
Merged SHA 88c4c63b9cab7fd1b169ab0443bfea4931cf84cd with commit message 'chore: Promote bdd-ghf**y-import-1582326981 to version 0.0.1' into base branch master

Showing logs for build [32mcb-kubecd-environment-pr-164-90-t6tdj-1[0m stage [32mfrom-build-pack[0m and container [32mstep-build-helm-build[0m
WARNING: No $CHART_REPOSITORY defined so using the default value of: http://jenkins-x-chartmuseum:8080
Adding missing Helm repo: storage.googleapis.com https://storage.googleapis.com/chartmuseum.jenkins-x.io
WARNING: No secrets found on "helm/repos" due: reading the secret "helm/repos" from vault: no secret "helm/repos" not found in vault
Read credentials for https://storage.googleapis.com/chartmuseum.jenkins-x.io from vault helm/repos
Successfully added Helm repository storage.googleapis.com.
Adding missing Helm repo: jenkins-x-chartmuseum http://jenkins-x-chartmuseum:8080
WARNING: No secrets found on "helm/repos" due: reading the secret "helm/repos" from vault: no secret "helm/repos" not found in vault
Read credentials for http://jenkins-x-chartmuseum:8080 from vault helm/repos
Successfully added Helm repository jenkins-x-chartmuseum.
WARNING: No $CHART_REPOSITORY defined so using the default value of: http://jenkins-x-chartmuseum:8080
Adding missing Helm repo: chartmuseum.jenkins-x.io http://chartmuseum.jenkins-x.io
WARNING: No secrets found on "helm/repos" due: reading the secret "helm/repos" from vault: no secret "helm/repos" not found in vault
Read credentials for http://chartmuseum.jenkins-x.io from vault helm/repos
Successfully added Helm repository chartmuseum.jenkins-x.io.
