
Showing logs for build [32mcb-kubecd-environment-pr-164-90-2vtqs-1[0m stage [32mfrom-build-pack[0m and container [32mstep-credential-initializer-6pwrd[0m
{"level":"warn","ts":1582328095.69337,"logger":"fallback-logger","caller":"logging/config.go:69","msg":"Fetch GitHub commit ID from kodata failed: \"ref: refs/heads/0.8.0-**-support-backwards-incompats\" is not a valid GitHub commit ID"}
{"level":"info","ts":1582328095.6941288,"logger":"fallback-logger","caller":"creds-init/main.go:40","msg":"Credentials initialized."}

Showing logs for build [32mcb-kubecd-environment-pr-164-90-2vtqs-1[0m stage [32mfrom-build-pack[0m and container [32mstep-working-dir-initializer-bz2px[0m
{"level":"warn","ts":1582328096.872937,"logger":"fallback-logger","caller":"logging/config.go:69","msg":"Fetch GitHub commit ID from kodata failed: open /var/run/ko/HEAD: no such file or directory"}
{"level":"info","ts":1582328096.8743162,"logger":"fallback-logger","caller":"bash/main.go:64","msg":"Successfully executed command \"sh -c mkdir -p /workspace/source\"; output "}

Showing logs for build [32mcb-kubecd-environment-pr-164-90-2vtqs-1[0m stage [32mfrom-build-pack[0m and container [32mstep-place-tools[0m

Showing logs for build [32mcb-kubecd-environment-pr-164-90-2vtqs-1[0m stage [32mfrom-build-pack[0m and container [32mstep-git-source-cb-kubecd-environment-pr-164-90-2vtqs-kv2n2[0m
{"level":"warn","ts":1582328102.1896842,"logger":"fallback-logger","caller":"logging/config.go:69","msg":"Fetch GitHub commit ID from kodata failed: \"ref: refs/heads/0.8.0-**-support-backwards-incompats\" is not a valid GitHub commit ID"}
{"level":"info","ts":1582328103.3519106,"logger":"fallback-logger","caller":"git/git.go:103","msg":"Successfully cloned https://github.com/cb-kubecd/environment-pr-164-90-boot-gke-staging.git @ master in path /workspace/source"}

Showing logs for build [32mcb-kubecd-environment-pr-164-90-2vtqs-1[0m stage [32mfrom-build-pack[0m and container [32mstep-git-merge[0m
Using SHAs from PULL_REFS=master:5383a3ac78bbda06ff8b35c843e3c329c1bfc043,7:10f7d9e1975b469d8097129e2b2117ceb3ec6fd2
DEBUG: LC_ALL=C JX_LOG_LEVEL=error git fetch origin --unshallow 10f7d9e1975b469d8097129e2b2117ceb3ec6fd2: 5383a3ac78bbda06ff8b35c843e3c329c1bfc043:
DEBUG: ran git fetch --unshallow origin 10f7d9e1975b469d8097129e2b2117ceb3ec6fd2: 5383a3ac78bbda06ff8b35c843e3c329c1bfc043: in 
DEBUG: LC_ALL=C JX_LOG_LEVEL=error git branch
DEBUG: LC_ALL=C JX_LOG_LEVEL=error git checkout master
DEBUG: ran git checkout master in 
DEBUG: LC_ALL=C JX_LOG_LEVEL=error git reset --hard 5383a3ac78bbda06ff8b35c843e3c329c1bfc043
DEBUG: ran git reset --hard 5383a3ac78bbda06ff8b35c843e3c329c1bfc043 in 
DEBUG: LC_ALL=C JX_LOG_LEVEL=error git clean -fd .
DEBUG: ran clean --force -d . in 
DEBUG: JX_LOG_LEVEL=error LC_ALL=C git merge 10f7d9e1975b469d8097129e2b2117ceb3ec6fd2
DEBUG: ran git merge 10f7d9e1975b469d8097129e2b2117ceb3ec6fd2 in 
DEBUG: LC_ALL=C JX_LOG_LEVEL=error git log --format=%H%x1f%an%x1f%ae%x1f%cn%x1f%ce%x1f%s%n%b%x1e 5383a3ac78bbda06ff8b35c843e3c329c1bfc043..HEAD
Merged SHA 10f7d9e1975b469d8097129e2b2117ceb3ec6fd2 with commit message 'chore: Promote bdd-sbhg-import-1582326981 to version 0.0.1' into base branch master

Showing logs for build [32mcb-kubecd-environment-pr-164-90-2vtqs-1[0m stage [32mfrom-build-pack[0m and container [32mstep-build-helm-build[0m
WARNING: No $CHART_REPOSITORY defined so using the default value of: http://jenkins-x-chartmuseum:8080
Adding missing Helm repo: storage.googleapis.com https://storage.googleapis.com/chartmuseum.jenkins-x.io
WARNING: No secrets found on "helm/repos" due: reading the secret "helm/repos" from vault: no secret "helm/repos" not found in vault
Read credentials for https://storage.googleapis.com/chartmuseum.jenkins-x.io from vault helm/repos
Successfully added Helm repository storage.googleapis.com.
Adding missing Helm repo: jenkins-x-chartmuseum http://jenkins-x-chartmuseum:8080
WARNING: No secrets found on "helm/repos" due: reading the secret "helm/repos" from vault: no secret "helm/repos" not found in vault
Read credentials for http://jenkins-x-chartmuseum:8080 from vault helm/repos
Successfully added Helm repository jenkins-x-chartmuseum.
WARNING: No $CHART_REPOSITORY defined so using the default value of: http://jenkins-x-chartmuseum:8080
Adding missing Helm repo: chartmuseum.jenkins-x.io http://chartmuseum.jenkins-x.io
WARNING: No secrets found on "helm/repos" due: reading the secret "helm/repos" from vault: no secret "helm/repos" not found in vault
Read credentials for http://chartmuseum.jenkins-x.io from vault helm/repos
Successfully added Helm repository chartmuseum.jenkins-x.io.
