
Showing logs for build [32mcb-kubecd-environment-pr-164-90-np8j9-1[0m stage [32mfrom-build-pack[0m and container [32mstep-credential-initializer-d5269[0m
{"level":"warn","ts":1582325885.9044719,"logger":"fallback-logger","caller":"logging/config.go:69","msg":"Fetch GitHub commit ID from kodata failed: \"ref: refs/heads/0.8.0-**-support-backwards-incompats\" is not a valid GitHub commit ID"}
{"level":"info","ts":1582325885.905212,"logger":"fallback-logger","caller":"creds-init/main.go:40","msg":"Credentials initialized."}

Showing logs for build [32mcb-kubecd-environment-pr-164-90-np8j9-1[0m stage [32mfrom-build-pack[0m and container [32mstep-working-dir-initializer-zwrtf[0m
{"level":"warn","ts":1582325886.938623,"logger":"fallback-logger","caller":"logging/config.go:69","msg":"Fetch GitHub commit ID from kodata failed: open /var/run/ko/HEAD: no such file or directory"}
{"level":"info","ts":1582325886.9400256,"logger":"fallback-logger","caller":"bash/main.go:64","msg":"Successfully executed command \"sh -c mkdir -p /workspace/source\"; output "}

Showing logs for build [32mcb-kubecd-environment-pr-164-90-np8j9-1[0m stage [32mfrom-build-pack[0m and container [32mstep-place-tools[0m

Showing logs for build [32mcb-kubecd-environment-pr-164-90-np8j9-1[0m stage [32mfrom-build-pack[0m and container [32mstep-git-source-cb-kubecd-environment-pr-164-90-np8j9-47mgh[0m
{"level":"warn","ts":1582325890.9750383,"logger":"fallback-logger","caller":"logging/config.go:69","msg":"Fetch GitHub commit ID from kodata failed: \"ref: refs/heads/0.8.0-**-support-backwards-incompats\" is not a valid GitHub commit ID"}
{"level":"info","ts":1582325892.0108683,"logger":"fallback-logger","caller":"git/git.go:103","msg":"Successfully cloned https://github.com/cb-kubecd/environment-pr-164-90-boot-gke-staging.git @ master in path /workspace/source"}

Showing logs for build [32mcb-kubecd-environment-pr-164-90-np8j9-1[0m stage [32mfrom-build-pack[0m and container [32mstep-git-merge[0m
Using SHAs from PULL_REFS=master:d952765c97c3a9ea5c1b7b8a60bf12e574f9a9cb,3:2c7d5e9fc97516abb2d11c0e5e4fa85e03b1e9bf
DEBUG: LC_ALL=C JX_LOG_LEVEL=error git fetch origin --unshallow 2c7d5e9fc97516abb2d11c0e5e4fa85e03b1e9bf: d952765c97c3a9ea5c1b7b8a60bf12e574f9a9cb:
DEBUG: ran git fetch --unshallow origin 2c7d5e9fc97516abb2d11c0e5e4fa85e03b1e9bf: d952765c97c3a9ea5c1b7b8a60bf12e574f9a9cb: in 
DEBUG: LC_ALL=C JX_LOG_LEVEL=error git branch
DEBUG: JX_LOG_LEVEL=error LC_ALL=C git checkout master
DEBUG: ran git checkout master in 
DEBUG: LC_ALL=C JX_LOG_LEVEL=error git reset --hard d952765c97c3a9ea5c1b7b8a60bf12e574f9a9cb
DEBUG: ran git reset --hard d952765c97c3a9ea5c1b7b8a60bf12e574f9a9cb in 
DEBUG: JX_LOG_LEVEL=error LC_ALL=C git clean -fd .
DEBUG: ran clean --force -d . in 
DEBUG: LC_ALL=C JX_LOG_LEVEL=error git merge 2c7d5e9fc97516abb2d11c0e5e4fa85e03b1e9bf
DEBUG: ran git merge 2c7d5e9fc97516abb2d11c0e5e4fa85e03b1e9bf in 
DEBUG: LC_ALL=C JX_LOG_LEVEL=error git log --format=%H%x1f%an%x1f%ae%x1f%cn%x1f%ce%x1f%s%n%b%x1e d952765c97c3a9ea5c1b7b8a60bf12e574f9a9cb..HEAD
Merged SHA 2c7d5e9fc97516abb2d11c0e5e4fa85e03b1e9bf with commit message 'chore: Promote bdd-nh-1582324861 to version 0.0.1' into base branch master

Showing logs for build [32mcb-kubecd-environment-pr-164-90-np8j9-1[0m stage [32mfrom-build-pack[0m and container [32mstep-build-helm-build[0m
WARNING: No $CHART_REPOSITORY defined so using the default value of: http://jenkins-x-chartmuseum:8080
Adding missing Helm repo: storage.googleapis.com https://storage.googleapis.com/chartmuseum.jenkins-x.io
WARNING: No secrets found on "helm/repos" due: reading the secret "helm/repos" from vault: no secret "helm/repos" not found in vault
Read credentials for https://storage.googleapis.com/chartmuseum.jenkins-x.io from vault helm/repos
Successfully added Helm repository storage.googleapis.com.
Adding missing Helm repo: jenkins-x-chartmuseum http://jenkins-x-chartmuseum:8080
WARNING: No secrets found on "helm/repos" due: reading the secret "helm/repos" from vault: no secret "helm/repos" not found in vault
Read credentials for http://jenkins-x-chartmuseum:8080 from vault helm/repos
Successfully added Helm repository jenkins-x-chartmuseum.
WARNING: No $CHART_REPOSITORY defined so using the default value of: http://jenkins-x-chartmuseum:8080
Adding missing Helm repo: chartmuseum.jenkins-x.io http://chartmuseum.jenkins-x.io
WARNING: No secrets found on "helm/repos" due: reading the secret "helm/repos" from vault: no secret "helm/repos" not found in vault
Read credentials for http://chartmuseum.jenkins-x.io from vault helm/repos
Successfully added Helm repository chartmuseum.jenkins-x.io.
