
Showing logs for build [32mcb-kubecd-environment-pr-164-90-hxw6j-1[0m stage [32mfrom-build-pack[0m and container [32mstep-credential-initializer-2gnz4[0m
{"level":"warn","ts":1582327630.3574605,"logger":"fallback-logger","caller":"logging/config.go:69","msg":"Fetch GitHub commit ID from kodata failed: \"ref: refs/heads/0.8.0-**-support-backwards-incompats\" is not a valid GitHub commit ID"}
{"level":"info","ts":1582327630.3579264,"logger":"fallback-logger","caller":"creds-init/main.go:40","msg":"Credentials initialized."}

Showing logs for build [32mcb-kubecd-environment-pr-164-90-hxw6j-1[0m stage [32mfrom-build-pack[0m and container [32mstep-working-dir-initializer-lhr8n[0m
{"level":"warn","ts":1582327631.2593048,"logger":"fallback-logger","caller":"logging/config.go:69","msg":"Fetch GitHub commit ID from kodata failed: open /var/run/ko/HEAD: no such file or directory"}
{"level":"info","ts":1582327631.2614112,"logger":"fallback-logger","caller":"bash/main.go:64","msg":"Successfully executed command \"sh -c mkdir -p /workspace/source\"; output "}

Showing logs for build [32mcb-kubecd-environment-pr-164-90-hxw6j-1[0m stage [32mfrom-build-pack[0m and container [32mstep-place-tools[0m

Showing logs for build [32mcb-kubecd-environment-pr-164-90-hxw6j-1[0m stage [32mfrom-build-pack[0m and container [32mstep-git-source-cb-kubecd-environment-pr-164-90-hxw6j-kvh84[0m
{"level":"warn","ts":1582327635.320061,"logger":"fallback-logger","caller":"logging/config.go:69","msg":"Fetch GitHub commit ID from kodata failed: \"ref: refs/heads/0.8.0-**-support-backwards-incompats\" is not a valid GitHub commit ID"}
{"level":"info","ts":1582327636.3584392,"logger":"fallback-logger","caller":"git/git.go:103","msg":"Successfully cloned https://github.com/cb-kubecd/environment-pr-164-90-boot-gke-staging.git @ master in path /workspace/source"}

Showing logs for build [32mcb-kubecd-environment-pr-164-90-hxw6j-1[0m stage [32mfrom-build-pack[0m and container [32mstep-git-merge[0m
Using SHAs from PULL_REFS=master:b75a3c8b1615f5f44684fead9f1e18380e892196,6:f24d5f64fa40f403617482afd80bca2d5de7f40f
DEBUG: LC_ALL=C JX_LOG_LEVEL=error git fetch origin --unshallow f24d5f64fa40f403617482afd80bca2d5de7f40f: b75a3c8b1615f5f44684fead9f1e18380e892196:
DEBUG: ran git fetch --unshallow origin f24d5f64fa40f403617482afd80bca2d5de7f40f: b75a3c8b1615f5f44684fead9f1e18380e892196: in 
DEBUG: JX_LOG_LEVEL=error LC_ALL=C git branch
DEBUG: LC_ALL=C JX_LOG_LEVEL=error git checkout master
DEBUG: ran git checkout master in 
DEBUG: LC_ALL=C JX_LOG_LEVEL=error git reset --hard b75a3c8b1615f5f44684fead9f1e18380e892196
DEBUG: ran git reset --hard b75a3c8b1615f5f44684fead9f1e18380e892196 in 
DEBUG: LC_ALL=C JX_LOG_LEVEL=error git clean -fd .
DEBUG: ran clean --force -d . in 
DEBUG: LC_ALL=C JX_LOG_LEVEL=error git merge f24d5f64fa40f403617482afd80bca2d5de7f40f
DEBUG: ran git merge f24d5f64fa40f403617482afd80bca2d5de7f40f in 
DEBUG: LC_ALL=C JX_LOG_LEVEL=error git log --format=%H%x1f%an%x1f%ae%x1f%cn%x1f%ce%x1f%s%n%b%x1e b75a3c8b1615f5f44684fead9f1e18380e892196..HEAD
Merged SHA f24d5f64fa40f403617482afd80bca2d5de7f40f with commit message 'chore: Promote bdd-nh-import-1582326981 to version 0.0.1' into base branch master

Showing logs for build [32mcb-kubecd-environment-pr-164-90-hxw6j-1[0m stage [32mfrom-build-pack[0m and container [32mstep-build-helm-build[0m
WARNING: No $CHART_REPOSITORY defined so using the default value of: http://jenkins-x-chartmuseum:8080
Adding missing Helm repo: storage.googleapis.com https://storage.googleapis.com/chartmuseum.jenkins-x.io
WARNING: No secrets found on "helm/repos" due: reading the secret "helm/repos" from vault: no secret "helm/repos" not found in vault
Read credentials for https://storage.googleapis.com/chartmuseum.jenkins-x.io from vault helm/repos
Successfully added Helm repository storage.googleapis.com.
Adding missing Helm repo: jenkins-x-chartmuseum http://jenkins-x-chartmuseum:8080
WARNING: No secrets found on "helm/repos" due: reading the secret "helm/repos" from vault: no secret "helm/repos" not found in vault
Read credentials for http://jenkins-x-chartmuseum:8080 from vault helm/repos
Successfully added Helm repository jenkins-x-chartmuseum.
WARNING: No $CHART_REPOSITORY defined so using the default value of: http://jenkins-x-chartmuseum:8080
Adding missing Helm repo: chartmuseum.jenkins-x.io http://chartmuseum.jenkins-x.io
WARNING: No secrets found on "helm/repos" due: reading the secret "helm/repos" from vault: no secret "helm/repos" not found in vault
Read credentials for http://chartmuseum.jenkins-x.io from vault helm/repos
Successfully added Helm repository chartmuseum.jenkins-x.io.
